<?xml version="1.0" encoding="UTF-8"?>
<!-- Generated by org.testng.reporters.JUnitReportReporter -->
<testsuite hostname="YogeshKhairnar" failures="0" tests="1" name="TestCases.SignUpTestcase" time="16.561" errors="0" timestamp="2022-12-09T23:46:29 IST" skipped="0">
  <testcase classname="TestCases.SignUpTestcase" name="verifySignup" time="16.561"/>
  <system-out/>
</testsuite> <!-- TestCases.SignUpTestcase -->
