<?xml version="1.0" encoding="UTF-8"?>
<!-- Generated by org.testng.reporters.JUnitReportReporter -->
<testsuite hostname="YogeshKhairnar" failures="0" tests="1" name="TestCases.test" time="3.962" errors="0" timestamp="2022-12-07T23:21:13 IST" skipped="0">
  <testcase classname="TestCases.test" name="method1" time="3.962"/>
  <system-out/>
</testsuite> <!-- TestCases.test -->
