<?xml version="1.0" encoding="UTF-8"?>
<!-- Generated by org.testng.reporters.JUnitReportReporter -->
<testsuite hostname="YogeshKhairnar" failures="0" tests="1" name="TestCases.LoginTestcase" time="35.613" errors="0" timestamp="2022-12-09T15:38:44 IST" skipped="0">
  <testcase classname="TestCases.LoginTestcase" name="Login" time="35.613"/>
  <system-out/>
</testsuite> <!-- TestCases.LoginTestcase -->
